TN:
SF:src\app.ts
FN:54,(anonymous_1)
FN:55,(anonymous_2)
FN:65,(anonymous_3)
FN:69,(anonymous_4)
FNF:4
FNH:1
FNDA:2,(anonymous_1)
FNDA:0,(anonymous_2)
FNDA:0,(anonymous_3)
FNDA:0,(anonymous_4)
DA:1,2
DA:2,2
DA:3,2
DA:4,2
DA:5,2
DA:6,2
DA:7,2
DA:8,2
DA:9,2
DA:10,2
DA:12,2
DA:13,2
DA:14,2
DA:15,2
DA:17,2
DA:19,2
DA:22,2
DA:28,2
DA:32,2
DA:34,2
DA:35,2
DA:36,2
DA:37,2
DA:38,2
DA:40,2
DA:44,2
DA:46,2
DA:47,0
DA:48,0
DA:51,2
DA:52,2
DA:54,2
DA:56,0
DA:57,0
DA:60,2
DA:61,2
DA:62,2
DA:63,2
DA:65,2
DA:66,0
DA:69,2
DA:70,0
DA:71,0
DA:73,0
DA:75,0
DA:82,2
LF:46
LH:37
BRDA:24,0,0,2
BRDA:24,0,1,0
BRDA:25,1,0,2
BRDA:25,1,1,0
BRDA:46,2,0,0
BRDA:71,3,0,0
BRDA:71,3,1,0
BRDA:75,4,0,0
BRDA:75,4,1,0
BRDA:77,5,0,0
BRDA:77,5,1,0
BRDA:78,6,0,0
BRDA:78,6,1,0
BRF:13
BRH:2
end_of_record
TN:
SF:src\auth.ts
FN:5,(anonymous_1)
FN:14,(anonymous_2)
FNF:2
FNH:0
FNDA:0,(anonymous_1)
FNDA:0,(anonymous_2)
DA:1,2
DA:3,2
DA:5,2
DA:6,0
DA:7,0
DA:9,0
DA:10,0
DA:14,2
DA:18,0
DA:19,0
DA:21,0
DA:22,0
LF:12
LH:4
BRF:0
BRH:0
end_of_record
TN:
SF:src\config\db.ts
FN:7,(anonymous_1)
FN:21,(anonymous_2)
FNF:2
FNH:0
FNDA:0,(anonymous_1)
FNDA:0,(anonymous_2)
DA:1,2
DA:3,2
DA:7,2
DA:8,0
DA:9,0
DA:12,0
DA:13,0
DA:14,0
DA:16,0
DA:17,0
DA:21,2
DA:22,0
DA:23,0
DA:27,2
LF:14
LH:5
BRDA:3,0,0,2
BRDA:3,0,1,0
BRDA:4,1,0,2
BRDA:4,1,1,2
BRDA:5,2,0,0
BRDA:5,2,1,0
BRDA:8,3,0,0
BRDA:22,4,0,0
BRF:8
BRH:3
end_of_record
TN:
SF:src\controllers\indexController.ts
FN:10,(anonymous_0)
FN:24,(anonymous_1)
FN:37,(anonymous_2)
FN:54,(anonymous_3)
FN:72,(anonymous_4)
FN:86,(anonymous_5)
FN:102,(anonymous_6)
FN:128,(anonymous_7)
FN:171,(anonymous_8)
FN:194,(anonymous_9)
FN:195,(anonymous_10)
FNF:11
FNH:0
FNDA:0,(anonymous_0)
FNDA:0,(anonymous_1)
FNDA:0,(anonymous_2)
FNDA:0,(anonymous_3)
FNDA:0,(anonymous_4)
FNDA:0,(anonymous_5)
FNDA:0,(anonymous_6)
FNDA:0,(anonymous_7)
FNDA:0,(anonymous_8)
FNDA:0,(anonymous_9)
FNDA:0,(anonymous_10)
DA:2,2
DA:3,2
DA:4,2
DA:5,2
DA:6,2
DA:10,2
DA:15,0
DA:16,0
DA:17,0
DA:19,0
DA:24,2
DA:29,0
DA:30,0
DA:31,0
DA:33,0
DA:37,2
DA:42,0
DA:43,0
DA:44,0
DA:45,0
DA:46,0
DA:48,0
DA:50,0
DA:54,2
DA:59,0
DA:60,0
DA:61,0
DA:62,0
DA:63,0
DA:65,0
DA:67,0
DA:72,2
DA:77,0
DA:78,0
DA:79,0
DA:81,0
DA:86,2
DA:91,0
DA:92,0
DA:95,0
DA:97,0
DA:102,2
DA:107,0
DA:108,0
DA:109,0
DA:110,0
DA:111,0
DA:114,0
DA:115,0
DA:116,0
DA:117,0
DA:119,0
DA:121,0
DA:128,2
DA:133,0
DA:134,0
DA:135,0
DA:137,0
DA:138,0
DA:140,0
DA:141,0
DA:142,0
DA:145,0
DA:152,0
DA:155,0
DA:156,0
DA:158,0
DA:159,0
DA:161,0
DA:162,0
DA:164,0
DA:166,0
DA:171,2
DA:176,0
DA:177,0
DA:178,0
DA:179,0
DA:181,0
DA:182,0
DA:185,0
DA:186,0
DA:187,0
DA:189,0
DA:190,0
DA:194,0
DA:195,0
DA:198,0
DA:199,0
DA:200,0
DA:202,0
DA:204,0
LF:91
LH:14
BRDA:44,0,0,0
BRDA:61,1,0,0
BRDA:109,2,0,0
BRDA:115,3,0,0
BRDA:140,4,0,0
BRDA:140,5,0,0
BRDA:140,5,1,0
BRDA:155,6,0,0
BRDA:155,6,1,0
BRDA:156,7,0,0
BRDA:156,7,1,0
BRDA:181,8,0,0
BRDA:181,9,0,0
BRDA:181,9,1,0
BRDA:181,9,2,0
BRDA:189,10,0,0
BRDA:189,11,0,0
BRDA:189,11,1,0
BRDA:189,11,2,0
BRDA:194,12,0,0
BRDA:194,12,1,0
BRDA:195,13,0,0
BRDA:195,13,1,0
BRF:23
BRH:0
end_of_record
TN:
SF:src\controllers\userController.ts
FN:15,(anonymous_1)
FN:67,(anonymous_2)
FN:99,(anonymous_3)
FN:130,(anonymous_4)
FN:159,(anonymous_5)
FNF:5
FNH:0
FNDA:0,(anonymous_1)
FNDA:0,(anonymous_2)
FNDA:0,(anonymous_3)
FNDA:0,(anonymous_4)
FNDA:0,(anonymous_5)
DA:1,2
DA:2,2
DA:4,2
DA:5,2
DA:8,2
DA:11,2
DA:12,2
DA:15,2
DA:20,0
DA:22,0
DA:23,0
DA:24,0
DA:25,0
DA:29,0
DA:32,0
DA:34,0
DA:51,0
DA:54,0
DA:60,0
DA:62,0
DA:67,2
DA:72,0
DA:74,0
DA:76,0
DA:77,0
DA:78,0
DA:82,0
DA:83,0
DA:85,0
DA:89,0
DA:91,0
DA:94,0
DA:99,2
DA:104,0
DA:105,0
DA:106,0
DA:107,0
DA:108,0
DA:111,0
DA:112,0
DA:113,0
DA:114,0
DA:119,0
DA:121,0
DA:124,0
DA:130,2
DA:135,0
DA:136,0
DA:140,0
DA:141,0
DA:142,0
DA:146,0
DA:151,0
DA:153,0
DA:159,2
DA:164,0
DA:166,0
DA:167,0
DA:168,0
DA:176,0
DA:194,0
DA:195,0
DA:196,0
DA:199,0
DA:201,0
LF:65
LH:12
BRDA:23,0,0,0
BRDA:76,1,0,0
BRDA:83,2,0,0
BRDA:83,2,1,0
BRDA:87,3,0,0
BRDA:87,3,1,0
BRDA:106,4,0,0
BRDA:112,5,0,0
BRDA:112,5,1,0
BRDA:140,6,0,0
BRDA:166,7,0,0
BRDA:167,8,0,0
BRDA:167,8,1,0
BRDA:194,9,0,0
BRF:14
BRH:0
end_of_record
TN:
SF:src\controllers\admin\productController.ts
FN:5,(anonymous_0)
FN:7,(anonymous_1)
FN:18,(anonymous_2)
FN:26,(anonymous_3)
FN:44,(anonymous_4)
FN:64,(anonymous_5)
FN:80,(anonymous_6)
FN:94,(anonymous_7)
FN:102,(anonymous_8)
FN:111,(anonymous_9)
FN:131,(anonymous_10)
FN:145,(anonymous_11)
FNF:12
FNH:1
FNDA:20,(anonymous_0)
FNDA:0,(anonymous_1)
FNDA:0,(anonymous_2)
FNDA:0,(anonymous_3)
FNDA:0,(anonymous_4)
FNDA:0,(anonymous_5)
FNDA:0,(anonymous_6)
FNDA:0,(anonymous_7)
FNDA:0,(anonymous_8)
FNDA:0,(anonymous_9)
FNDA:0,(anonymous_10)
FNDA:0,(anonymous_11)
DA:2,2
DA:5,2
DA:7,20
DA:8,0
DA:9,0
DA:11,0
DA:18,2
DA:19,0
DA:20,0
DA:26,2
DA:30,0
DA:32,0
DA:37,0
DA:38,0
DA:44,2
DA:45,0
DA:46,0
DA:48,0
DA:49,0
DA:50,0
DA:53,0
DA:54,0
DA:55,0
DA:56,0
DA:58,0
DA:64,2
DA:65,0
DA:66,0
DA:70,0
DA:71,0
DA:72,0
DA:74,0
DA:80,2
DA:81,0
DA:82,0
DA:84,0
DA:85,0
DA:86,0
DA:88,0
DA:94,2
DA:95,0
DA:96,0
DA:102,2
DA:103,0
DA:104,0
DA:105,0
DA:106,0
DA:111,2
DA:112,0
DA:113,0
DA:115,0
DA:116,0
DA:117,0
DA:120,0
DA:121,0
DA:122,0
DA:123,0
DA:125,0
DA:131,2
DA:132,0
DA:133,0
DA:135,0
DA:136,0
DA:137,0
DA:139,0
DA:145,2
DA:146,0
DA:147,0
DA:149,0
DA:150,0
DA:151,0
DA:153,0
LF:72
LH:13
BRDA:48,0,0,0
BRDA:48,1,0,0
BRDA:48,1,1,0
BRDA:54,2,0,0
BRDA:70,3,0,0
BRDA:84,4,0,0
BRDA:115,5,0,0
BRDA:115,6,0,0
BRDA:115,6,1,0
BRDA:121,7,0,0
BRDA:135,8,0,0
BRDA:149,9,0,0
BRF:12
BRH:0
end_of_record
TN:
SF:src\controllers\admin\reviewController.ts
FN:9,(anonymous_0)
FN:27,(anonymous_1)
FN:49,(anonymous_2)
FNF:3
FNH:0
FNDA:0,(anonymous_0)
FNDA:0,(anonymous_1)
FNDA:0,(anonymous_2)
DA:2,2
DA:9,2
DA:14,0
DA:15,0
DA:18,0
DA:20,0
DA:27,2
DA:32,0
DA:33,0
DA:36,0
DA:37,0
DA:38,0
DA:40,0
DA:42,0
DA:49,2
DA:54,0
DA:55,0
DA:56,0
DA:57,0
DA:58,0
DA:60,0
DA:62,0
LF:22
LH:4
BRDA:36,0,0,0
BRDA:56,1,0,0
BRF:2
BRH:0
end_of_record
TN:
SF:src\controllers\admin\shopController.ts
FN:16,(anonymous_1)
FN:32,(anonymous_2)
FN:52,(anonymous_3)
FNF:3
FNH:0
FNDA:0,(anonymous_1)
FNDA:0,(anonymous_2)
FNDA:0,(anonymous_3)
DA:1,2
DA:2,2
DA:6,2
DA:9,2
DA:16,2
DA:21,0
DA:22,0
DA:23,0
DA:25,0
DA:32,2
DA:37,0
DA:38,0
DA:39,0
DA:40,0
DA:41,0
DA:43,0
DA:45,0
DA:52,2
DA:57,0
DA:58,0
DA:59,0
DA:60,0
DA:61,0
DA:63,0
DA:65,0
LF:25
LH:7
BRDA:39,0,0,0
BRDA:59,1,0,0
BRF:2
BRH:0
end_of_record
TN:
SF:src\controllers\admin\siteController.ts
FN:16,(anonymous_1)
FN:32,(anonymous_2)
FN:49,(anonymous_3)
FN:79,(anonymous_4)
FN:99,(anonymous_5)
FNF:5
FNH:0
FNDA:0,(anonymous_1)
FNDA:0,(anonymous_2)
FNDA:0,(anonymous_3)
FNDA:0,(anonymous_4)
FNDA:0,(anonymous_5)
DA:1,2
DA:2,2
DA:6,2
DA:9,2
DA:16,2
DA:21,0
DA:22,0
DA:23,0
DA:25,0
DA:32,2
DA:37,0
DA:38,0
DA:39,0
DA:40,0
DA:42,0
DA:49,2
DA:54,0
DA:55,0
DA:65,0
DA:66,0
DA:67,0
DA:70,0
DA:72,0
DA:79,2
DA:84,0
DA:85,0
DA:86,0
DA:87,0
DA:88,0
DA:90,0
DA:92,0
DA:99,2
DA:104,0
DA:105,0
DA:106,0
DA:107,0
DA:108,0
DA:110,0
DA:112,0
LF:39
LH:9
BRDA:65,0,0,0
BRDA:86,1,0,0
BRDA:106,2,0,0
BRF:3
BRH:0
end_of_record
TN:
SF:src\controllers\admin\userController.ts
FN:17,(anonymous_1)
FN:33,(anonymous_2)
FN:50,(anonymous_3)
FN:70,(anonymous_4)
FN:86,(anonymous_5)
FN:104,(anonymous_6)
FN:120,(anonymous_7)
FN:168,(anonymous_8)
FN:192,(anonymous_9)
FNF:9
FNH:0
FNDA:0,(anonymous_1)
FNDA:0,(anonymous_2)
FNDA:0,(anonymous_3)
FNDA:0,(anonymous_4)
FNDA:0,(anonymous_5)
FNDA:0,(anonymous_6)
FNDA:0,(anonymous_7)
FNDA:0,(anonymous_8)
FNDA:0,(anonymous_9)
DA:1,2
DA:2,2
DA:6,2
DA:9,2
DA:10,2
DA:17,2
DA:22,0
DA:23,0
DA:24,0
DA:26,0
DA:33,2
DA:38,0
DA:39,0
DA:40,0
DA:41,0
DA:43,0
DA:50,2
DA:55,0
DA:56,0
DA:61,0
DA:63,0
DA:70,2
DA:75,0
DA:76,0
DA:77,0
DA:79,0
DA:86,2
DA:91,0
DA:92,0
DA:93,0
DA:95,0
DA:104,2
DA:109,0
DA:110,0
DA:111,0
DA:113,0
DA:120,2
DA:125,0
DA:127,0
DA:128,0
DA:129,0
DA:130,0
DA:133,0
DA:139,0
DA:140,0
DA:141,0
DA:142,0
DA:146,0
DA:153,0
DA:159,0
DA:161,0
DA:168,2
DA:173,0
DA:174,0
DA:178,0
DA:179,0
DA:180,0
DA:183,0
DA:185,0
DA:192,2
DA:197,0
DA:198,0
DA:199,0
DA:200,0
DA:201,0
DA:203,0
DA:205,0
LF:67
LH:14
BRDA:128,0,0,0
BRDA:140,1,0,0
BRDA:178,2,0,0
BRDA:199,3,0,0
BRF:4
BRH:0
end_of_record
TN:
SF:src\controllers\seller\productController.ts
FN:15,(anonymous_1)
FN:60,(anonymous_2)
FN:78,(anonymous_3)
FN:128,(anonymous_4)
FN:160,addProductCategory
FN:170,removeProductCategory
FN:180,addProductImage
FN:186,removeProductImages
FNF:8
FNH:0
FNDA:0,(anonymous_1)
FNDA:0,(anonymous_2)
FNDA:0,(anonymous_3)
FNDA:0,(anonymous_4)
FNDA:0,addProductCategory
FNDA:0,removeProductCategory
FNDA:0,addProductImage
FNDA:0,removeProductImages
DA:1,2
DA:2,2
DA:3,2
DA:7,2
DA:10,2
DA:11,2
DA:12,2
DA:15,2
DA:20,0
DA:21,0
DA:27,0
DA:29,0
DA:34,0
DA:39,0
DA:40,0
DA:41,0
DA:46,0
DA:47,0
DA:48,0
DA:49,0
DA:53,0
DA:55,0
DA:60,2
DA:65,0
DA:66,0
DA:67,0
DA:68,0
DA:69,0
DA:71,0
DA:73,0
DA:78,2
DA:83,0
DA:84,0
DA:94,0
DA:95,0
DA:96,0
DA:100,0
DA:101,0
DA:102,0
DA:103,0
DA:106,0
DA:107,0
DA:112,0
DA:113,0
DA:115,0
DA:116,0
DA:117,0
DA:121,0
DA:123,0
DA:128,2
DA:133,0
DA:134,0
DA:135,0
DA:136,0
DA:137,0
DA:141,0
DA:146,0
DA:147,0
DA:148,0
DA:153,0
DA:155,0
DA:161,0
DA:165,0
DA:171,0
DA:175,0
DA:181,0
DA:187,0
LF:67
LH:11
BRDA:29,0,0,0
BRDA:29,0,1,0
BRDA:39,1,0,0
BRDA:46,2,0,0
BRDA:46,3,0,0
BRDA:46,3,1,0
BRDA:48,4,0,0
BRDA:48,4,1,0
BRDA:67,5,0,0
BRDA:94,6,0,0
BRDA:100,7,0,0
BRDA:101,8,0,0
BRDA:101,8,1,0
BRDA:112,9,0,0
BRDA:112,10,0,0
BRDA:112,10,1,0
BRDA:116,11,0,0
BRDA:116,11,1,0
BRDA:135,12,0,0
BRDA:146,13,0,0
BRDA:146,13,1,0
BRF:21
BRH:0
end_of_record
TN:
SF:src\controllers\seller\shopController.ts
FN:16,(anonymous_1)
FN:57,(anonymous_2)
FN:81,(anonymous_3)
FN:124,(anonymous_4)
FNF:4
FNH:0
FNDA:0,(anonymous_1)
FNDA:0,(anonymous_2)
FNDA:0,(anonymous_3)
FNDA:0,(anonymous_4)
DA:1,2
DA:2,2
DA:3,2
DA:7,2
DA:10,2
DA:11,2
DA:16,2
DA:21,0
DA:22,0
DA:37,0
DA:40,0
DA:41,0
DA:42,0
DA:46,0
DA:48,0
DA:50,0
DA:57,2
DA:62,0
DA:63,0
DA:67,0
DA:68,0
DA:69,0
DA:72,0
DA:74,0
DA:81,2
DA:86,0
DA:87,0
DA:88,0
DA:89,0
DA:92,0
DA:110,0
DA:111,0
DA:112,0
DA:115,0
DA:117,0
DA:124,2
DA:129,0
DA:130,0
DA:131,0
DA:132,0
DA:133,0
DA:137,0
DA:142,0
DA:144,0
DA:146,0
LF:45
LH:10
BRDA:40,0,0,0
BRDA:41,1,0,0
BRDA:41,1,1,0
BRDA:63,2,0,0
BRDA:63,2,1,0
BRDA:67,3,0,0
BRDA:87,4,0,0
BRDA:88,5,0,0
BRDA:88,5,1,0
BRDA:110,6,0,0
BRDA:131,7,0,0
BRF:11
BRH:0
end_of_record
TN:
SF:src\models\product.ts
FNF:0
FNH:0
DA:1,2
DA:26,2
DA:57,2
DA:65,2
DA:66,2
DA:69,2
LF:6
LH:6
BRF:0
BRH:0
end_of_record
TN:
SF:src\models\review.ts
FNF:0
FNH:0
DA:1,2
DA:12,2
DA:25,2
LF:3
LH:3
BRF:0
BRH:0
end_of_record
TN:
SF:src\models\shop.ts
FNF:0
FNH:0
DA:1,2
DA:28,2
DA:54,2
DA:55,2
LF:4
LH:4
BRF:0
BRH:0
end_of_record
TN:
SF:src\models\site.ts
FNF:0
FNH:0
DA:1,2
DA:15,2
DA:24,2
DA:26,2
LF:4
LH:4
BRF:0
BRH:0
end_of_record
TN:
SF:src\models\user.ts
FNF:0
FNH:0
DA:1,2
DA:14,2
DA:46,2
DA:74,2
DA:75,2
DA:76,2
LF:6
LH:6
BRF:0
BRH:0
end_of_record
TN:
SF:src\routes\adminRoutes.ts
FNF:0
FNH:0
DA:1,2
DA:2,2
DA:5,2
DA:8,2
DA:11,2
DA:14,2
DA:17,2
DA:20,2
DA:23,2
DA:26,2
DA:27,2
DA:28,2
DA:29,2
DA:30,2
DA:33,2
DA:34,2
DA:35,2
DA:36,2
DA:37,2
DA:40,2
DA:41,2
DA:42,2
DA:43,2
DA:46,2
DA:47,2
DA:48,2
DA:49,2
DA:50,2
DA:53,2
DA:54,2
DA:55,2
DA:58,2
DA:59,2
DA:60,2
DA:63,2
DA:64,2
DA:65,2
DA:67,2
LF:38
LH:38
BRF:0
BRH:0
end_of_record
TN:
SF:src\routes\mainRoutes.ts
FNF:0
FNH:0
DA:1,2
DA:2,2
DA:5,2
DA:18,2
DA:21,2
DA:22,2
DA:23,2
DA:26,2
DA:27,2
DA:28,2
DA:31,2
DA:32,2
DA:34,2
LF:13
LH:13
BRF:0
BRH:0
end_of_record
TN:
SF:src\routes\sellerRoutes.ts
FNF:0
FNH:0
DA:1,2
DA:2,2
DA:5,2
DA:8,2
DA:16,2
DA:17,2
DA:18,2
DA:19,2
DA:22,2
DA:30,2
DA:31,2
DA:32,2
DA:33,2
DA:35,2
LF:14
LH:14
BRF:0
BRH:0
end_of_record
TN:
SF:src\routes\userRoutes.ts
FNF:0
FNH:0
DA:1,2
DA:2,2
DA:5,2
DA:14,2
DA:17,2
DA:18,2
DA:19,2
DA:20,2
DA:21,2
DA:23,2
LF:10
LH:10
BRF:0
BRH:0
end_of_record
TN:
SF:src\upload\upload.ts
FN:7,(anonymous_1)
FN:10,(anonymous_2)
FN:16,(anonymous_3)
FN:19,(anonymous_4)
FN:25,(anonymous_5)
FN:28,(anonymous_6)
FNF:6
FNH:0
FNDA:0,(anonymous_1)
FNDA:0,(anonymous_2)
FNDA:0,(anonymous_3)
FNDA:0,(anonymous_4)
FNDA:0,(anonymous_5)
FNDA:0,(anonymous_6)
DA:2,2
DA:6,2
DA:8,0
DA:11,0
DA:15,2
DA:17,0
DA:20,0
DA:24,2
DA:26,0
DA:29,0
DA:33,2
DA:35,2
DA:36,2
LF:13
LH:7
BRF:0
BRH:0
end_of_record
